train/686371/49701780.jpg 686371
train/686371/34143839.jpg 686371
train/686371/29694686.jpg 686371
train/686371/31627720.jpg 686371
train/686371/12317987.jpg 686371
train/686371/56050348.jpg 686371
train/686371/9476620.jpg 686371
train/686371/26995585.jpg 686371
train/686371/39604378.jpg 686371
train/686371/21638633.jpg 686371
train/686371/22052639.jpg 686371
train/686371/36679521.jpg 686371
train/686371/57259321.jpg 686371
train/686371/37724354.jpg 686371
train/686371/12632411.jpg 686371
train/686371/45881028.jpg 686371
train/686371/31309845.jpg 686371
train/686371/29789080.jpg 686371
train/686371/4720426.jpg 686371
train/940221/33932730.jpg 940221
train/940221/53413634.jpg 940221
train/940221/33646427.jpg 940221
train/940221/12640527.jpg 940221
train/940221/45935446.jpg 940221
train/940221/58284099.jpg 940221
train/940221/17105392.jpg 940221
train/940221/23686827.jpg 940221
train/940221/12054048.jpg 940221
train/940221/59531252.jpg 940221
train/940221/57264940.jpg 940221
train/940221/18062413.jpg 940221
train/940221/59744299.jpg 940221
train/940221/43097155.jpg 940221
train/940221/32338679.jpg 940221
train/940221/39189689.jpg 940221
train/940221/43154931.jpg 940221
train/940221/15899331.jpg 940221
train/940221/28188793.jpg 940221
train/940221/34203853.jpg 940221
train/940221/31347806.jpg 940221
train/940221/32993966.jpg 940221
train/940221/38701195.jpg 940221
train/940221/21349150.jpg 940221
train/940221/28808878.jpg 940221
train/940221/36002618.jpg 940221
train/940221/8384820.jpg 940221
train/940221/50938425.jpg 940221
train/940221/13369192.jpg 940221
train/940221/59270994.jpg 940221
train/940221/52559231.jpg 940221
train/940221/25094189.jpg 940221
train/940221/59258826.jpg 940221
train/940221/15097349.jpg 940221
train/940221/38898558.jpg 940221
train/940221/30555884.jpg 940221
